[SUCCESS] Thu Jul 27 16:42:35 2017
		httpd.c(71): listen success
[SUCCESS] Thu Jul 27 16:44:39 2017
		httpd.c(71): listen success
[SUCCESS] Thu Jul 27 16:48:35 2017
		httpd.c(71): listen success
[SUCCESS] Thu Jul 27 16:51:04 2017
		httpd.c(71): listen success
[SUCCESS] Thu Jul 27 16:52:24 2017
		httpd.c(71): listen success
[SUCCESS] Thu Jul 27 16:56:54 2017
		httpd.c(71): listen success
[SUCCESS] Thu Jul 27 16:59:06 2017
		httpd.c(71): listen success
[SUCCESS] Thu Jul 27 17:56:24 2017
		httpd.c(100): listen success
[SUCCESS] Thu Jul 27 18:00:34 2017
		httpd.c(102): listen success
[SUCCESS] Thu Jul 27 18:00:57 2017
		httpd.c(102): listen success
[SUCCESS] Thu Jul 27 18:02:03 2017
		httpd.c(103): listen success
[SUCCESS] Thu Jul 27 18:03:33 2017
		httpd.c(104): listen success
[SUCCESS] Thu Jul 27 18:06:25 2017
		httpd.c(104): listen success
[SUCCESS] Thu Jul 27 18:09:38 2017
		httpd.c(103): listen success
[SUCCESS] Thu Jul 27 18:16:29 2017
		httpd.c(104): listen success
[SUCCESS] Thu Jul 27 18:18:41 2017
		httpd.c(104): listen success
[SUCCESS] Thu Jul 27 18:19:50 2017
		httpd.c(104): listen success
[SUCCESS] Thu Jul 27 18:20:34 2017
		httpd.c(104): listen success
[SUCCESS] Thu Jul 27 18:20:54 2017
		httpd.c(104): listen success
[SUCCESS] Thu Jul 27 18:22:18 2017
		httpd.c(104): listen success
[SUCCESS] Thu Jul 27 18:23:24 2017
		httpd.c(103): listen success
[SUCCESS] Thu Jan 19 00:05:38 2017
		httpd.c(103): listen success
[SUCCESS] Fri Jul 28 09:26:46 2017
		httpd.c(103): listen success
[SUCCESS] Fri Jul 28 16:51:07 2017
		httpd.c(103): listen success
[SUCCESS] Fri Jul 28 16:52:36 2017
		httpd.c(103): listen success
[SUCCESS] Fri Jul 28 16:53:31 2017
		httpd.c(103): listen success
[SUCCESS] Fri Jul 28 16:55:44 2017
		httpd.c(103): listen success
[SUCCESS] Sat Jul 29 18:22:56 2017
		httpd.c(103): listen success
[SUCCESS] Sat Jul 29 20:45:47 2017
		httpd.c(103): listen success
[SUCCESS] Sat Jul 29 20:49:15 2017
		httpd.c(103): listen success
[SUCCESS] Sat Jul 29 20:51:31 2017
		httpd.c(103): listen success
[SUCCESS] Sat Jul 29 20:53:38 2017
		httpd.c(103): listen success
[SUCCESS] Sat Jul 29 20:57:53 2017
		httpd.c(103): listen success
[SUCCESS] Sat Jul 29 21:01:00 2017
		httpd.c(103): listen success
[SUCCESS] Sat Jul 29 21:02:35 2017
		httpd.c(103): listen success
[SUCCESS] Sat Jul 29 21:03:33 2017
		httpd.c(103): listen success
[FATAL] Sat Jul 29 21:04:31 2017
		httpd.c(93): Address already in use
[FATAL] Sat Jul 29 21:05:40 2017
		httpd.c(93): Address already in use
[SUCCESS] Sat Jul 29 21:36:47 2017
		httpd.c(103): listen success
[SUCCESS] Sat Jul 29 21:38:56 2017
		httpd.c(103): listen success
[SUCCESS] Sat Jul 29 21:41:16 2017
		httpd.c(103): listen success
[SUCCESS] Sat Jul 29 22:10:50 2017
		httpd.c(103): listen success
[SUCCESS] Sat Jul 29 22:16:35 2017
		httpd.c(103): listen success
[SUCCESS] Sat Jul 29 22:17:23 2017
		httpd.c(103): listen success
[FATAL] Sat Jul 29 22:22:35 2017
		httpd.c(93): Address already in use
[SUCCESS] Sat Jul 29 22:26:45 2017
		httpd.c(103): listen success
[SUCCESS] Sat Jul 29 22:26:51 2017
		httpd.c(103): listen success
[SUCCESS] Sat Jul 29 22:27:07 2017
		httpd.c(103): listen success
[SUCCESS] Sat Jul 29 22:29:10 2017
		httpd.c(103): listen success
[SUCCESS] Sat Jul 29 22:34:19 2017
		httpd.c(103): listen success
[SUCCESS] Sat Jul 29 22:34:32 2017
		httpd.c(103): listen success
[SUCCESS] Sat Jul 29 22:36:06 2017
		httpd.c(103): listen success
[SUCCESS] Sat Jul 29 22:36:49 2017
		httpd.c(103): listen success
[SUCCESS] Sat Jul 29 22:38:00 2017
		httpd.c(103): listen success
[SUCCESS] Sat Jul 29 22:38:03 2017
		httpd.c(103): listen success
